2025-02-11 09:15:01,085 - INFO: PDF generado: C:\curti\correos\data\PDF\123456789.pdf
2025-02-11 09:15:07,451 - ERROR: Error SMTP enviando correo: (535, b'5.7.8 Username and Password not accepted. For more information, go to\n5.7.8  https://support.google.com/mail/?p=BadCredentials 00721157ae682-6f99fd1f1f7sm21363737b3.43 - gsmtp')
2025-02-11 09:28:25,461 - INFO: PDF generado: C:\curti\correos\data\PDF\123456789.pdf
2025-02-11 09:28:32,860 - ERROR: Error SMTP enviando correo: (535, b'5.7.8 Username and Password not accepted. For more information, go to\n5.7.8  https://support.google.com/mail/?p=BadCredentials 00721157ae682-6f99fce15a7sm21486467b3.2 - gsmtp')
2025-02-11 09:31:56,145 - INFO: PDF generado: C:\curti\correos\data\PDF\123456789.pdf
2025-02-11 09:31:57,367 - ERROR: Error SMTP enviando correo: (535, b'5.7.8 Username and Password not accepted. For more information, go to\n5.7.8  https://support.google.com/mail/?p=BadCredentials 00721157ae682-6f99ff6a5a5sm21520707b3.82 - gsmtp')
2025-02-11 09:32:32,025 - INFO: PDF generado: C:\curti\correos\data\PDF\123456789.pdf
2025-02-11 09:32:33,164 - ERROR: Error SMTP enviando correo: (535, b'5.7.8 Username and Password not accepted. For more information, go to\n5.7.8  https://support.google.com/mail/?p=BadCredentials 3f1490d57ef6-e5b3a45dfd2sm3300154276.43 - gsmtp')
2025-02-11 09:39:18,580 - INFO: PDF generado: C:\curti\correos\data\PDF\123456789.pdf
2025-02-11 09:39:19,909 - ERROR: Error SMTP enviando correo: (535, b'5.7.8 Username and Password not accepted. For more information, go to\n5.7.8  https://support.google.com/mail/?p=BadCredentials 00721157ae682-6f99fcf003bsm21343667b3.7 - gsmtp')
2025-02-11 09:39:43,106 - INFO: PDF generado: C:\curti\correos\data\PDF\123456789.pdf
2025-02-11 09:39:44,352 - ERROR: Error SMTP enviando correo: (535, b'5.7.8 Username and Password not accepted. For more information, go to\n5.7.8  https://support.google.com/mail/?p=BadCredentials 00721157ae682-6f99ff6a626sm21351207b3.70 - gsmtp')
2025-02-11 09:40:17,535 - INFO: PDF generado: C:\curti\correos\data\PDF\123456789.pdf
2025-02-11 09:40:18,696 - ERROR: Error SMTP enviando correo: (535, b'5.7.8 Username and Password not accepted. For more information, go to\n5.7.8  https://support.google.com/mail/?p=BadCredentials 3f1490d57ef6-e5b3a4898d1sm3204095276.51 - gsmtp')
2025-02-11 09:40:48,062 - INFO: PDF generado: C:\curti\correos\data\PDF\123456789.pdf
2025-02-11 09:40:49,179 - ERROR: Error SMTP enviando correo: (535, b'5.7.8 Username and Password not accepted. For more information, go to\n5.7.8  https://support.google.com/mail/?p=BadCredentials 00721157ae682-6fb053f6afbsm6275327b3.113 - gsmtp')
2025-02-11 09:43:41,119 - INFO: PDF generado: C:\curti\correos\data\PDF\123456789.pdf
2025-02-11 09:43:42,366 - ERROR: Error SMTP enviando correo: (535, b'5.7.8 Username and Password not accepted. For more information, go to\n5.7.8  https://support.google.com/mail/?p=BadCredentials 00721157ae682-6f99fd55c92sm21509997b3.55 - gsmtp')
2025-02-11 09:44:11,961 - INFO: PDF generado: C:\curti\correos\data\PDF\123456789.pdf
2025-02-11 09:44:13,055 - ERROR: Error SMTP enviando correo: (535, b'5.7.8 Username and Password not accepted. For more information, go to\n5.7.8  https://support.google.com/mail/?p=BadCredentials 00721157ae682-6fb032788e3sm6727797b3.117 - gsmtp')
2025-02-11 09:44:38,673 - INFO: PDF generado: C:\curti\correos\data\PDF\123456789.pdf
2025-02-11 09:44:39,837 - ERROR: Error SMTP enviando correo: (535, b'5.7.8 Username and Password not accepted. For more information, go to\n5.7.8  https://support.google.com/mail/?p=BadCredentials 00721157ae682-6f99ffc2d8dsm21321427b3.109 - gsmtp')
2025-02-11 09:45:09,884 - INFO: PDF generado: C:\curti\correos\data\PDF\123456789.pdf
2025-02-11 09:45:11,168 - ERROR: Error SMTP enviando correo: (535, b'5.7.8 Username and Password not accepted. For more information, go to\n5.7.8  https://support.google.com/mail/?p=BadCredentials 3f1490d57ef6-e5b3a60f8c8sm3301519276.14 - gsmtp')
2025-02-11 09:50:46,252 - INFO: PDF generado: C:\curti\correos\data\PDF\123456789.pdf
2025-02-11 09:50:47,426 - ERROR: Error SMTP enviando correo: (535, b'5.7.8 Username and Password not accepted. For more information, go to\n5.7.8  https://support.google.com/mail/?p=BadCredentials 3f1490d57ef6-e5b46077780sm2921127276.37 - gsmtp')
2025-02-11 09:51:09,665 - INFO: PDF generado: C:\curti\correos\data\PDF\123456789.pdf
2025-02-11 09:51:10,692 - ERROR: Error SMTP enviando correo: (535, b'5.7.8 Username and Password not accepted. For more information, go to\n5.7.8  https://support.google.com/mail/?p=BadCredentials 00721157ae682-6f99fcf20edsm21375387b3.6 - gsmtp')
2025-02-11 09:51:31,040 - INFO: PDF generado: C:\curti\correos\data\PDF\123456789.pdf
2025-02-11 09:51:32,192 - ERROR: Error SMTP enviando correo: (535, b'5.7.8 Username and Password not accepted. For more information, go to\n5.7.8  https://support.google.com/mail/?p=BadCredentials 3f1490d57ef6-e5b3a45d7f1sm3304757276.40 - gsmtp')
2025-02-11 09:52:07,237 - INFO: PDF generado: C:\curti\correos\data\PDF\123456789.pdf
2025-02-11 09:52:08,421 - ERROR: Error SMTP enviando correo: (535, b'5.7.8 Username and Password not accepted. For more information, go to\n5.7.8  https://support.google.com/mail/?p=BadCredentials 3f1490d57ef6-e5b46077780sm2921729276.37 - gsmtp')
2025-02-11 09:55:43,862 - INFO: PDF generado: C:\curti\correos\data\PDF\123456789.pdf
2025-02-11 09:55:45,088 - ERROR: Error SMTP enviando correo: (535, b'5.7.8 Username and Password not accepted. For more information, go to\n5.7.8  https://support.google.com/mail/?p=BadCredentials 00721157ae682-6f99ff6a86csm21348157b3.72 - gsmtp')
2025-02-11 09:56:57,585 - INFO: PDF generado: C:\curti\correos\data\PDF\123456789.pdf
2025-02-11 09:56:58,800 - ERROR: Error SMTP enviando correo: (535, b'5.7.8 Username and Password not accepted. For more information, go to\n5.7.8  https://support.google.com/mail/?p=BadCredentials 00721157ae682-6f9a0016b90sm21381847b3.122 - gsmtp')
2025-02-11 09:57:46,585 - INFO: PDF generado: C:\curti\correos\data\PDF\123456789.pdf
2025-02-11 09:57:47,707 - ERROR: Error SMTP enviando correo: (535, b'5.7.8 Username and Password not accepted. For more information, go to\n5.7.8  https://support.google.com/mail/?p=BadCredentials 00721157ae682-6f99ff6a856sm21402487b3.92 - gsmtp')
2025-02-11 10:35:54,299 - INFO: PDF generado: C:\curti\correos\data\PDF\123456789.pdf
2025-02-11 10:35:55,464 - ERROR: Error SMTP enviando correo: (535, b'5.7.8 Username and Password not accepted. For more information, go to\n5.7.8  https://support.google.com/mail/?p=BadCredentials 00721157ae682-6fb032788e3sm6944267b3.117 - gsmtp')
2025-02-11 10:36:40,789 - INFO: PDF generado: C:\curti\correos\data\PDF\123456789.pdf
2025-02-11 10:36:42,031 - ERROR: Error SMTP enviando correo: (535, b'5.7.8 Username and Password not accepted. For more information, go to\n5.7.8  https://support.google.com/mail/?p=BadCredentials 00721157ae682-6f9a000f577sm21550087b3.118 - gsmtp')
2025-02-11 10:37:13,182 - INFO: PDF generado: C:\curti\correos\data\PDF\123456789.pdf
2025-02-11 10:37:14,351 - ERROR: Error SMTP enviando correo: (535, b'5.7.8 Username and Password not accepted. For more information, go to\n5.7.8  https://support.google.com/mail/?p=BadCredentials 3f1490d57ef6-e5b3a45dd8esm3355059276.35 - gsmtp')
2025-02-11 10:37:33,282 - INFO: PDF generado: C:\curti\correos\data\PDF\123456789.pdf
2025-02-11 10:37:34,457 - ERROR: Error SMTP enviando correo: (535, b'5.7.8 Username and Password not accepted. For more information, go to\n5.7.8  https://support.google.com/mail/?p=BadCredentials 00721157ae682-6f99fd1bb4dsm21743537b3.30 - gsmtp')
2025-02-11 10:37:52,872 - INFO: PDF generado: C:\curti\correos\data\PDF\123456789.pdf
2025-02-11 10:37:54,030 - ERROR: Error SMTP enviando correo: (535, b'5.7.8 Username and Password not accepted. For more information, go to\n5.7.8  https://support.google.com/mail/?p=BadCredentials 3f1490d57ef6-e5b3a205626sm3338041276.18 - gsmtp')
2025-02-11 10:38:15,215 - INFO: PDF generado: C:\curti\correos\data\PDF\123456789.pdf
2025-02-11 10:38:16,352 - ERROR: Error SMTP enviando correo: (535, b'5.7.8 Username and Password not accepted. For more information, go to\n5.7.8  https://support.google.com/mail/?p=BadCredentials 00721157ae682-6f99ff6a5a5sm21799357b3.82 - gsmtp')
2025-02-11 10:38:33,910 - INFO: PDF generado: C:\curti\correos\data\PDF\123456789.pdf
2025-02-11 10:38:34,976 - ERROR: Error SMTP enviando correo: (535, b'5.7.8 Username and Password not accepted. For more information, go to\n5.7.8  https://support.google.com/mail/?p=BadCredentials 00721157ae682-6f99fd55c92sm21742817b3.55 - gsmtp')
2025-02-11 10:42:24,934 - INFO: PDF generado: C:\curti\correos\data\PDF\123456789.pdf
2025-02-11 10:42:26,218 - ERROR: Error SMTP enviando correo: (535, b'5.7.8 Username and Password not accepted. For more information, go to\n5.7.8  https://support.google.com/mail/?p=BadCredentials 00721157ae682-6f99fd5b017sm21694227b3.65 - gsmtp')
2025-02-11 10:50:18,581 - INFO: PDF generado: C:\curti\correos\data\PDF\123456789.pdf
2025-02-11 10:50:19,744 - ERROR: Error SMTP enviando correo: (535, b'5.7.8 Username and Password not accepted. For more information, go to\n5.7.8  https://support.google.com/mail/?p=BadCredentials 00721157ae682-6f99fd1d5cdsm21655707b3.34 - gsmtp')
2025-02-11 10:50:59,989 - INFO: PDF generado: C:\curti\correos\data\PDF\123456789.pdf
2025-02-11 10:51:01,286 - ERROR: Error SMTP enviando correo: (535, b'5.7.8 Username and Password not accepted. For more information, go to\n5.7.8  https://support.google.com/mail/?p=BadCredentials 3f1490d57ef6-e5b3a2055f0sm3350271276.21 - gsmtp')
2025-02-11 10:51:23,162 - INFO: PDF generado: C:\curti\correos\data\PDF\123456789.pdf
2025-02-11 10:51:24,421 - ERROR: Error SMTP enviando correo: (535, b'5.7.8 Username and Password not accepted. For more information, go to\n5.7.8  https://support.google.com/mail/?p=BadCredentials 3f1490d57ef6-e5b3a45d969sm3356303276.46 - gsmtp')
2025-02-11 10:54:18,289 - INFO: PDF generado: C:\curti\correos\data\PDF\123456789.pdf
2025-02-11 10:54:19,360 - ERROR: Error SMTP enviando correo: (535, b'5.7.8 Username and Password not accepted. For more information, go to\n5.7.8  https://support.google.com/mail/?p=BadCredentials 3f1490d57ef6-e5b3a4898dcsm3245631276.47 - gsmtp')
2025-02-11 14:43:25,212 - INFO: PDF generado: C:\curti\correos\data\PDF\123456789.pdf
2025-02-11 14:43:29,085 - ERROR: Error SMTP enviando correo: (535, b'5.7.8 Username and Password not accepted. For more information, go to\n5.7.8  https://support.google.com/mail/?p=BadCredentials 00721157ae682-6f99fd1d693sm22517077b3.35 - gsmtp')
2025-02-11 14:45:57,895 - INFO: PDF generado: C:\curti\correos\data\PDF\123456789.pdf
2025-02-11 14:46:04,278 - ERROR: Error SMTP enviando correo: (535, b'5.7.8 Username and Password not accepted. For more information, go to\n5.7.8  https://support.google.com/mail/?p=BadCredentials 00721157ae682-6f9a000f516sm22527527b3.119 - gsmtp')
2025-02-11 14:57:32,200 - INFO: PDF generado: C:\curti\correos\data\PDF\123456789.pdf
2025-02-11 14:57:37,390 - ERROR: Error SMTP enviando correo: (535, b'5.7.8 Username and Password not accepted. For more information, go to\n5.7.8  https://support.google.com/mail/?p=BadCredentials a1e0cc1a2514c-866f965ebfasm2011371241.10 - gsmtp')
2025-02-11 15:06:32,436 - INFO: PDF generado: C:\curti\correos\data\PDF\123456789.pdf
2025-02-11 15:06:40,697 - ERROR: Error SMTP enviando correo: (535, b'5.7.8 Username and Password not accepted. For more information, go to\n5.7.8  https://support.google.com/mail/?p=BadCredentials 00721157ae682-6f99ffc284esm22664027b3.111 - gsmtp')
2025-02-11 16:13:47,030 - INFO: PDF generado: C:\curti\correos\data\PDF\123456789.pdf
2025-02-11 16:13:48,318 - ERROR: Error SMTP enviando correo: (535, b'5.7.8 Username and Password not accepted. For more information, go to\n5.7.8  https://support.google.com/mail/?p=BadCredentials 00721157ae682-6f99ff6a938sm23094877b3.73 - gsmtp')
2025-02-11 16:14:21,938 - INFO: PDF generado: C:\curti\correos\data\PDF\123456789.pdf
2025-02-11 16:14:26,859 - ERROR: Error SMTP enviando correo: (535, b'5.7.8 Username and Password not accepted. For more information, go to\n5.7.8  https://support.google.com/mail/?p=BadCredentials 00721157ae682-6f99ff6a8c2sm23021157b3.77 - gsmtp')
2025-02-11 16:15:43,814 - INFO: PDF generado: C:\curti\correos\data\PDF\123456789.pdf
2025-02-11 16:15:48,240 - ERROR: Error SMTP enviando correo: (535, b'5.7.8 Username and Password not accepted. For more information, go to\n5.7.8  https://support.google.com/mail/?p=BadCredentials 00721157ae682-6f99fce1eacsm23133477b3.17 - gsmtp')
2025-02-11 16:17:41,566 - INFO: PDF generado: C:\curti\correos\data\PDF\123456789.pdf
2025-02-11 16:17:42,854 - ERROR: Error SMTP enviando correo: (535, b'5.7.8 Username and Password not accepted. For more information, go to\n5.7.8  https://support.google.com/mail/?p=BadCredentials 00721157ae682-6f99ffc22cdsm22944927b3.112 - gsmtp')
2025-02-11 16:18:50,608 - INFO: PDF generado: C:\curti\correos\data\PDF\123456789.pdf
2025-02-11 16:18:53,309 - ERROR: Error SMTP enviando correo: (535, b'5.7.8 Username and Password not accepted. For more information, go to\n5.7.8  https://support.google.com/mail/?p=BadCredentials 00721157ae682-6f99ff6a5bbsm22969667b3.83 - gsmtp')
2025-02-11 16:20:10,747 - INFO: PDF generado: C:\curti\correos\data\PDF\123456789.pdf
2025-02-11 16:20:17,437 - ERROR: Error SMTP enviando correo: (535, b'5.7.8 Username and Password not accepted. For more information, go to\n5.7.8  https://support.google.com/mail/?p=BadCredentials 00721157ae682-6f99ffc345dsm23203897b3.108 - gsmtp')
2025-02-11 16:21:20,304 - INFO: PDF generado: C:\curti\correos\data\PDF\123456789.pdf
2025-02-11 16:21:26,613 - ERROR: Error SMTP enviando correo: (535, b'5.7.8 Username and Password not accepted. For more information, go to\n5.7.8  https://support.google.com/mail/?p=BadCredentials 00721157ae682-6f99fd1d5d8sm23184247b3.39 - gsmtp')
2025-02-11 16:22:11,052 - INFO: PDF generado: C:\curti\correos\data\PDF\123456789.pdf
2025-02-11 16:22:15,171 - ERROR: Error SMTP enviando correo: (535, b'5.7.8 Username and Password not accepted. For more information, go to\n5.7.8  https://support.google.com/mail/?p=BadCredentials 00721157ae682-6f99fd5d414sm23121497b3.68 - gsmtp')
2025-02-11 16:43:48,319 - INFO: PDF generado: C:\curti\correos\data\PDF\123456789.pdf
2025-02-11 16:43:54,415 - ERROR: Error SMTP enviando correo: (535, b'5.7.8 Username and Password not accepted. For more information, go to\n5.7.8  https://support.google.com/mail/?p=BadCredentials 3f1490d57ef6-e5b3a22129esm3428289276.29 - gsmtp')
2025-02-11 16:44:19,192 - INFO: PDF generado: C:\curti\correos\data\PDF\123456789.pdf
2025-02-11 16:44:27,291 - ERROR: Error SMTP enviando correo: (535, b'5.7.8 Username and Password not accepted. For more information, go to\n5.7.8  https://support.google.com/mail/?p=BadCredentials 3f1490d57ef6-e5b3a48d1d7sm3554291276.57 - gsmtp')
2025-02-11 16:44:38,864 - INFO: PDF generado: C:\curti\correos\data\PDF\123456789.pdf
2025-02-11 16:44:46,375 - ERROR: Error SMTP enviando correo: (535, b'5.7.8 Username and Password not accepted. For more information, go to\n5.7.8  https://support.google.com/mail/?p=BadCredentials 00721157ae682-6fb05ff595fsm7911527b3.120 - gsmtp')
2025-02-11 16:45:47,319 - INFO: PDF generado: C:\curti\correos\data\PDF\123456789.pdf
2025-02-11 16:45:53,922 - ERROR: Error SMTP enviando correo: (535, b'5.7.8 Username and Password not accepted. For more information, go to\n5.7.8  https://support.google.com/mail/?p=BadCredentials 00721157ae682-6f99ff6a856sm23136347b3.92 - gsmtp')
2025-02-12 08:14:59,261 - INFO: PDF generado: C:\curti\correos\data\PDF\123456789.pdf
2025-02-12 08:15:02,071 - ERROR: Error SMTP enviando correo: (535, b'5.7.8 Username and Password not accepted. For more information, go to\n5.7.8  https://support.google.com/mail/?p=BadCredentials 3f1490d57ef6-e5b3a1f0294sm3932946276.1 - gsmtp')
2025-02-12 08:16:21,270 - INFO: PDF generado: C:\curti\correos\data\PDF\123456789.pdf
2025-02-12 08:16:26,293 - ERROR: Error SMTP enviando correo: (535, b'5.7.8 Username and Password not accepted. For more information, go to\n5.7.8  https://support.google.com/mail/?p=BadCredentials 00721157ae682-6f99fd1d6casm26597707b3.40 - gsmtp')
2025-02-12 08:28:43,168 - INFO: PDF generado: C:\curti\correos\data\PDF\123456789.pdf
2025-02-12 08:28:48,628 - ERROR: Error SMTP enviando correo: (535, b'5.7.8 Username and Password not accepted. For more information, go to\n5.7.8  https://support.google.com/mail/?p=BadCredentials 3f1490d57ef6-e5da04eb8fesm536864276.49 - gsmtp')
2025-02-12 08:30:56,010 - INFO: PDF generado: C:\curti\correos\data\PDF\123456789.pdf
2025-02-12 08:31:02,794 - ERROR: Error SMTP enviando correo: (535, b'5.7.8 Username and Password not accepted. For more information, go to\n5.7.8  https://support.google.com/mail/?p=BadCredentials 3f1490d57ef6-e5b3a4898dcsm3915267276.47 - gsmtp')
2025-02-12 08:32:40,006 - INFO: PDF generado: C:\curti\correos\data\PDF\123456789.pdf
2025-02-12 08:32:44,898 - ERROR: Error SMTP enviando correo: (535, b'5.7.8 Username and Password not accepted. For more information, go to\n5.7.8  https://support.google.com/mail/?p=BadCredentials 00721157ae682-6f99fcf9233sm26769447b3.10 - gsmtp')
2025-02-12 08:34:34,904 - INFO: PDF generado: C:\curti\correos\data\PDF\123456789.pdf
2025-02-12 08:34:36,056 - ERROR: Error SMTP enviando correo: (535, b'5.7.8 Username and Password not accepted. For more information, go to\n5.7.8  https://support.google.com/mail/?p=BadCredentials 00721157ae682-6f99ff6a8e3sm26412417b3.90 - gsmtp')
2025-02-12 08:37:31,933 - INFO: PDF generado: C:\curti\correos\data\PDF\123456789.pdf
2025-02-12 08:37:35,748 - ERROR: Error SMTP enviando correo: (535, b'5.7.8 Username and Password not accepted. For more information, go to\n5.7.8  https://support.google.com/mail/?p=BadCredentials 00721157ae682-6f99fd5d414sm26520437b3.68 - gsmtp')
2025-02-12 08:39:31,941 - INFO: PDF generado: C:\curti\correos\data\PDF\123456789.pdf
2025-02-12 08:39:38,609 - ERROR: Error SMTP enviando correo: (535, b'5.7.8 Username and Password not accepted. For more information, go to\n5.7.8  https://support.google.com/mail/?p=BadCredentials 00721157ae682-6f99fd581ebsm26410427b3.64 - gsmtp')
2025-02-12 08:50:12,845 - INFO: PDF generado: C:\curti\correos\data\PDF\123456789.pdf
2025-02-12 08:50:14,777 - ERROR: Error SMTP enviando correo: (535, b'5.7.8 Username and Password not accepted. For more information, go to\n5.7.8  https://support.google.com/mail/?p=BadCredentials 00721157ae682-6f9a000f577sm26455037b3.118 - gsmtp')
2025-02-12 08:57:39,640 - INFO: PDF generado: C:\curti\correos\data\PDF\123456789.pdf
2025-02-12 08:57:44,372 - ERROR: Error SMTP enviando correo: (535, b'5.7.8 Username and Password not accepted. For more information, go to\n5.7.8  https://support.google.com/mail/?p=BadCredentials 3f1490d57ef6-e5da3223f40sm300080276.53 - gsmtp')
2025-02-12 08:59:47,398 - INFO: PDF generado: C:\curti\correos\data\PDF\123456789.pdf
2025-02-12 08:59:51,965 - ERROR: Error SMTP enviando correo: (535, b'5.7.8 Username and Password not accepted. For more information, go to\n5.7.8  https://support.google.com/mail/?p=BadCredentials 3f1490d57ef6-e5b3a205673sm4044133276.17 - gsmtp')
2025-02-12 09:00:37,627 - INFO: PDF generado: C:\curti\correos\data\PDF\123456789.pdf
2025-02-12 09:00:39,739 - ERROR: Error SMTP enviando correo: (535, b'5.7.8 Username and Password not accepted. For more information, go to\n5.7.8  https://support.google.com/mail/?p=BadCredentials 3f1490d57ef6-e5b3a205e68sm4050212276.22 - gsmtp')
2025-02-12 09:20:01,325 - INFO: PDF generado: C:\curti\correos\data\PDF\123456789.pdf
2025-02-12 09:20:06,286 - ERROR: Error SMTP enviando correo: (535, b'5.7.8 Username and Password not accepted. For more information, go to\n5.7.8  https://support.google.com/mail/?p=BadCredentials 00721157ae682-6fafa1b343fsm14815067b3.16 - gsmtp')
2025-02-12 09:21:42,038 - INFO: PDF generado: C:\curti\correos\data\PDF\123456789.pdf
2025-02-12 09:21:47,555 - ERROR: Error SMTP enviando correo: (535, b'5.7.8 Username and Password not accepted. For more information, go to\n5.7.8  https://support.google.com/mail/?p=BadCredentials 00721157ae682-6f99fd557dbsm26594687b3.59 - gsmtp')
2025-02-12 09:22:10,219 - INFO: PDF generado: C:\curti\correos\data\PDF\123456789.pdf
2025-02-12 09:22:16,716 - ERROR: Error SMTP enviando correo: (535, b'5.7.8 Username and Password not accepted. For more information, go to\n5.7.8  https://support.google.com/mail/?p=BadCredentials 3f1490d57ef6-e5b3a1efd6csm3947410276.4 - gsmtp')
2025-02-12 09:22:59,971 - INFO: PDF generado: C:\curti\correos\data\PDF\123456789.pdf
2025-02-12 09:23:01,314 - ERROR: Error SMTP enviando correo: (535, b'5.7.8 Username and Password not accepted. For more information, go to\n5.7.8  https://support.google.com/mail/?p=BadCredentials 00721157ae682-6fb1be98b72sm5938407b3.3 - gsmtp')
2025-02-12 09:24:23,879 - INFO: PDF generado: C:\curti\correos\data\PDF\123456789.pdf
2025-02-12 09:24:28,330 - ERROR: Error SMTP enviando correo: (535, b'5.7.8 Username and Password not accepted. For more information, go to\n5.7.8  https://support.google.com/mail/?p=BadCredentials 3f1490d57ef6-e5b3a221138sm4048756276.27 - gsmtp')
2025-02-12 09:25:11,117 - INFO: PDF generado: C:\curti\correos\data\PDF\123456789.pdf
2025-02-12 09:25:13,076 - ERROR: Error SMTP enviando correo: (535, b'5.7.8 Username and Password not accepted. For more information, go to\n5.7.8  https://support.google.com/mail/?p=BadCredentials 3f1490d57ef6-e5da00ebfc1sm575772276.46 - gsmtp')
2025-02-12 09:26:12,276 - INFO: PDF generado: C:\curti\correos\data\PDF\123456789.pdf
2025-02-12 09:26:17,482 - ERROR: Error SMTP enviando correo: (535, b'5.7.8 Username and Password not accepted. For more information, go to\n5.7.8  https://support.google.com/mail/?p=BadCredentials 00721157ae682-6f99ff6a5b0sm26583557b3.93 - gsmtp')
2025-02-12 09:27:00,407 - INFO: PDF generado: C:\curti\correos\data\PDF\123456789.pdf
2025-02-12 09:27:06,646 - ERROR: Error SMTP enviando correo: (535, b'5.7.8 Username and Password not accepted. For more information, go to\n5.7.8  https://support.google.com/mail/?p=BadCredentials 00721157ae682-6f99fd20486sm26467937b3.47 - gsmtp')
2025-02-12 11:24:54,216 - INFO: PDF generado: C:\curti\correos\data\PDF\123456789.pdf
2025-02-12 11:25:00,776 - ERROR: Error SMTP enviando correo: (535, b'5.7.8 Username and Password not accepted. For more information, go to\n5.7.8  https://support.google.com/mail/?p=BadCredentials 3f1490d57ef6-e5b3a221138sm4118040276.27 - gsmtp')
2025-02-12 11:25:20,788 - INFO: PDF generado: C:\curti\correos\data\PDF\123456789.pdf
2025-02-12 11:25:29,530 - ERROR: Error SMTP enviando correo: (535, b'5.7.8 Username and Password not accepted. For more information, go to\n5.7.8  https://support.google.com/mail/?p=BadCredentials 00721157ae682-6f99fd39430sm27121667b3.48 - gsmtp')
2025-02-12 11:25:58,475 - INFO: PDF generado: C:\curti\correos\data\PDF\123456789.pdf
2025-02-12 11:26:05,780 - ERROR: Error SMTP enviando correo: (535, b'5.7.8 Username and Password not accepted. For more information, go to\n5.7.8  https://support.google.com/mail/?p=BadCredentials 00721157ae682-6f99fd17024sm27325377b3.28 - gsmtp')
2025-02-12 11:26:34,923 - INFO: PDF generado: C:\curti\correos\data\PDF\123456789.pdf
2025-02-12 11:26:40,984 - ERROR: Error SMTP enviando correo: (535, b'5.7.8 Username and Password not accepted. For more information, go to\n5.7.8  https://support.google.com/mail/?p=BadCredentials 3f1490d57ef6-e5b46077780sm3748693276.37 - gsmtp')
2025-02-12 11:29:13,911 - INFO: PDF generado: C:\curti\correos\data\PDF\123456789.pdf
2025-02-12 11:29:19,869 - ERROR: Error SMTP enviando correo: (535, b'5.7.8 Username and Password not accepted. For more information, go to\n5.7.8  https://support.google.com/mail/?p=BadCredentials 3f1490d57ef6-e5b3a45d7e6sm4158529276.45 - gsmtp')
2025-02-12 11:30:02,291 - INFO: PDF generado: C:\curti\correos\data\PDF\123456789.pdf
2025-02-12 11:30:10,227 - ERROR: Error SMTP enviando correo: (535, b'5.7.8 Username and Password not accepted. For more information, go to\n5.7.8  https://support.google.com/mail/?p=BadCredentials 3f1490d57ef6-e5da3223f40sm385622276.53 - gsmtp')
2025-02-12 11:31:33,025 - INFO: PDF generado: C:\curti\correos\data\PDF\123456789.pdf
2025-02-12 11:31:34,300 - ERROR: Error SMTP enviando correo: (535, b'5.7.8 Username and Password not accepted. For more information, go to\n5.7.8  https://support.google.com/mail/?p=BadCredentials 3f1490d57ef6-e5b3a4898d1sm4010725276.51 - gsmtp')
2025-02-12 11:32:19,928 - INFO: PDF generado: C:\curti\correos\data\PDF\123456789.pdf
2025-02-12 11:32:26,717 - ERROR: Error SMTP enviando correo: (535, b'5.7.8 Username and Password not accepted. For more information, go to\n5.7.8  https://support.google.com/mail/?p=BadCredentials 00721157ae682-6fb26a71284sm3094917b3.109 - gsmtp')
2025-02-12 11:32:49,606 - INFO: PDF generado: C:\curti\correos\data\PDF\123456789.pdf
2025-02-12 11:32:54,573 - ERROR: Error SMTP enviando correo: (535, b'5.7.8 Username and Password not accepted. For more information, go to\n5.7.8  https://support.google.com/mail/?p=BadCredentials 3f1490d57ef6-e5b3a48af8fsm4161424276.54 - gsmtp')
2025-02-12 11:34:06,924 - INFO: PDF generado: C:\curti\correos\data\PDF\123456789.pdf
2025-02-12 11:34:14,153 - ERROR: Error SMTP enviando correo: (535, b'5.7.8 Username and Password not accepted. For more information, go to\n5.7.8  https://support.google.com/mail/?p=BadCredentials 00721157ae682-6fb2829d606sm2742657b3.32 - gsmtp')
2025-02-12 11:40:12,102 - INFO: PDF generado: C:\curti\correos\data\PDF\123456789.pdf
2025-02-12 11:40:16,542 - ERROR: Error SMTP enviando correo: (535, b'5.7.8 Username and Password not accepted. For more information, go to\n5.7.8  https://support.google.com/mail/?p=BadCredentials 00721157ae682-6fb03536ff2sm12559547b3.52 - gsmtp')
2025-02-12 11:40:53,280 - INFO: PDF generado: C:\curti\correos\data\PDF\123456789.pdf
2025-02-12 11:40:58,012 - ERROR: Error SMTP enviando correo: (535, b'5.7.8 Username and Password not accepted. For more information, go to\n5.7.8  https://support.google.com/mail/?p=BadCredentials 00721157ae682-6f99fd5d414sm27296797b3.68 - gsmtp')
2025-02-12 11:41:35,410 - INFO: PDF generado: C:\curti\correos\data\PDF\123456789.pdf
2025-02-12 11:41:42,730 - ERROR: Error SMTP enviando correo: (535, b'5.7.8 Username and Password not accepted. For more information, go to\n5.7.8  https://support.google.com/mail/?p=BadCredentials 00721157ae682-6f99fcf20edsm27195357b3.6 - gsmtp')
2025-02-12 11:42:42,853 - INFO: PDF generado: C:\curti\correos\data\PDF\123456789.pdf
2025-02-12 11:42:48,701 - ERROR: Error SMTP enviando correo: (535, b'5.7.8 Username and Password not accepted. For more information, go to\n5.7.8  https://support.google.com/mail/?p=BadCredentials 3f1490d57ef6-e5da00ebfc1sm653129276.46 - gsmtp')
2025-02-12 11:44:08,265 - INFO: PDF generado: C:\curti\correos\data\PDF\123456789.pdf
2025-02-12 11:44:09,708 - ERROR: Error SMTP enviando correo: (535, b'5.7.8 Username and Password not accepted. For more information, go to\n5.7.8  https://support.google.com/mail/?p=BadCredentials 00721157ae682-6fb17cefcb7sm7467567b3.0 - gsmtp')
2025-02-12 11:45:49,204 - INFO: PDF generado: C:\curti\correos\data\PDF\123456789.pdf
2025-02-12 11:45:54,165 - ERROR: Error SMTP enviando correo: (535, b'5.7.8 Username and Password not accepted. For more information, go to\n5.7.8  https://support.google.com/mail/?p=BadCredentials 00721157ae682-6f99ff6a5d6sm27088207b3.91 - gsmtp')
2025-02-12 11:46:44,425 - INFO: PDF generado: C:\curti\correos\data\PDF\123456789.pdf
2025-02-12 11:46:50,695 - ERROR: Error SMTP enviando correo: (535, b'5.7.8 Username and Password not accepted. For more information, go to\n5.7.8  https://support.google.com/mail/?p=BadCredentials 00721157ae682-6fafee87110sm14533307b3.15 - gsmtp')
2025-02-12 11:49:39,327 - INFO: PDF generado: C:\curti\correos\data\PDF\123456789.pdf
2025-02-12 11:49:45,472 - ERROR: Error SMTP enviando correo: (535, b'5.7.8 Username and Password not accepted. For more information, go to\n5.7.8  https://support.google.com/mail/?p=BadCredentials 3f1490d57ef6-e5b3a221041sm4132372276.28 - gsmtp')
2025-02-12 14:07:04,859 - INFO: PDF generado: C:\curti\correos\data\PDF\123456781.pdf
2025-02-12 14:07:11,178 - ERROR: Error SMTP enviando correo: (535, b'5.7.8 Username and Password not accepted. For more information, go to\n5.7.8  https://support.google.com/mail/?p=BadCredentials 3f1490d57ef6-e5b3a221041sm4210763276.28 - gsmtp')
2025-02-12 14:08:23,262 - INFO: PDF generado: C:\curti\correos\data\PDF\123456781.pdf
2025-02-12 14:08:29,669 - ERROR: Error SMTP enviando correo: (535, b'5.7.8 Username and Password not accepted. For more information, go to\n5.7.8  https://support.google.com/mail/?p=BadCredentials 00721157ae682-6f99fd5d414sm27942197b3.68 - gsmtp')
2025-02-12 14:10:47,033 - INFO: PDF generado: C:\curti\correos\data\PDF\123456781.pdf
2025-02-12 14:10:54,470 - ERROR: Error SMTP enviando correo: (535, b'5.7.8 Username and Password not accepted. For more information, go to\n5.7.8  https://support.google.com/mail/?p=BadCredentials 3f1490d57ef6-e5da04eb8fesm735643276.49 - gsmtp')
2025-02-12 14:13:05,006 - INFO: PDF generado: C:\curti\correos\data\PDF\123456781.pdf
2025-02-12 14:13:12,267 - ERROR: Error SMTP enviando correo: (535, b'5.7.8 Username and Password not accepted. For more information, go to\n5.7.8  https://support.google.com/mail/?p=BadCredentials 00721157ae682-6f99fce159csm27924557b3.5 - gsmtp')
2025-02-12 14:26:46,666 - INFO: PDF generado: C:\curti\correos\data\PDF\123456781.pdf
2025-02-12 14:26:54,396 - ERROR: Error SMTP enviando correo: (535, b'5.7.8 Username and Password not accepted. For more information, go to\n5.7.8  https://support.google.com/mail/?p=BadCredentials 00721157ae682-6f99fce1f03sm28187847b3.14 - gsmtp')
2025-02-12 14:28:05,935 - INFO: PDF generado: C:\curti\correos\data\PDF\123456789.pdf
2025-02-12 14:28:11,919 - ERROR: Error SMTP enviando correo: (535, b'5.7.8 Username and Password not accepted. For more information, go to\n5.7.8  https://support.google.com/mail/?p=BadCredentials 00721157ae682-6f99ff6a8d8sm28005827b3.79 - gsmtp')
2025-02-12 15:01:35,684 - INFO: PDF generado: C:\curti\correos\data\PDF\123456789.pdf
2025-02-12 15:01:40,533 - ERROR: Error SMTP enviando correo: (535, b'5.7.8 Username and Password not accepted. For more information, go to\n5.7.8  https://support.google.com/mail/?p=BadCredentials 00721157ae682-6f99fd55778sm28220557b3.61 - gsmtp')
2025-02-12 15:13:21,209 - INFO: PDF generado: C:\curti\correos\data\PDF\123456789.pdf
2025-02-12 15:13:26,717 - ERROR: Error SMTP enviando correo: (535, b'5.7.8 Username and Password not accepted. For more information, go to\n5.7.8  https://support.google.com/mail/?p=BadCredentials 3f1490d57ef6-e5b3a45d7e6sm4286947276.45 - gsmtp')
2025-02-12 15:14:12,493 - INFO: PDF generado: C:\curti\correos\data\PDF\123456789.pdf
2025-02-12 15:14:18,443 - ERROR: Error SMTP enviando correo: (535, b'5.7.8 Username and Password not accepted. For more information, go to\n5.7.8  https://support.google.com/mail/?p=BadCredentials 3f1490d57ef6-e5b3a45d37esm4125094276.42 - gsmtp')
2025-02-12 15:15:21,946 - INFO: PDF generado: C:\curti\correos\data\PDF\123456789.pdf
2025-02-12 15:15:26,632 - ERROR: Error SMTP enviando correo: (535, b'5.7.8 Username and Password not accepted. For more information, go to\n5.7.8  https://support.google.com/mail/?p=BadCredentials 00721157ae682-6fb2e78086csm2214417b3.125 - gsmtp')
2025-02-12 16:03:36,507 - ERROR: Uso: python main.py <path> <nit> <tamano_letra>
2025-02-12 16:09:59,997 - ERROR: Uso: python main.py <path> <nit> <tamano_letra>
2025-02-12 16:24:51,067 - INFO: PDF generado: C:\curti\correos\data\PDF\123456789.pdf
2025-02-12 16:24:53,002 - ERROR: Error SMTP enviando correo: (535, b'5.7.8 Username and Password not accepted. For more information, go to\n5.7.8  https://support.google.com/mail/?p=BadCredentials 00721157ae682-6f99fd1fefbsm28376147b3.46 - gsmtp')
2025-02-13 08:05:48,201 - ERROR: Error inesperado generando PDF: type object 'ConversorPDF' has no attribute 'validar_archivo'
2025-02-13 08:05:48,201 - ERROR: Error convirtiendo archivo: data/entrada/123456789.txt
2025-02-13 08:06:58,203 - ERROR: Error inesperado generando PDF: type object 'ConversorPDF' has no attribute 'validar_archivo'
2025-02-13 08:06:58,203 - ERROR: Error convirtiendo archivo: data/entrada/123456789.txt
2025-02-13 08:08:50,668 - ERROR: Error inesperado generando PDF: type object 'ConversorPDF' has no attribute 'validar_archivo'
2025-02-13 08:08:50,670 - ERROR: Error convirtiendo archivo: data/entrada/123456789.txt
2025-02-13 08:11:10,589 - INFO: PDF generado: C:\curti\correos\data\PDF\123456789.pdf
2025-02-13 08:11:19,087 - ERROR: Error SMTP enviando correo: (535, b'5.7.8 Username and Password not accepted. For more information, go to\n5.7.8  https://support.google.com/mail/?p=BadCredentials 00721157ae682-6fb35d58635sm2881117b3.4 - gsmtp')
2025-02-13 08:13:13,298 - INFO: PDF generado: C:\curti\correos\data\PDF\123456789.pdf
2025-02-13 08:13:19,860 - ERROR: Error SMTP enviando correo: (535, b'5.7.8 Username and Password not accepted. For more information, go to\n5.7.8  https://support.google.com/mail/?p=BadCredentials 00721157ae682-6fb3609c768sm2890487b3.57 - gsmtp')
2025-02-13 08:15:59,923 - INFO: PDF generado: C:\curti\correos\data\PDF\123456789.pdf
2025-02-13 08:16:06,101 - ERROR: Error SMTP enviando correo: (535, b'5.7.8 Username and Password not accepted. For more information, go to\n5.7.8  https://support.google.com/mail/?p=BadCredentials 00721157ae682-6fb3608aad5sm2885887b3.47 - gsmtp')
2025-02-13 08:39:59,699 - INFO: PDF generado: C:\curti\correos\data\PDF\123456789.pdf
2025-02-13 08:40:03,214 - ERROR: Error SMTP enviando correo: (535, b'5.7.8 Username and Password not accepted. For more information, go to\n5.7.8  https://support.google.com/mail/?p=BadCredentials 00721157ae682-6fb35d58498sm2985647b3.14 - gsmtp')
2025-02-13 08:45:27,516 - INFO: PDF generado: C:\curti\correos\data\PDF\123456789.pdf
2025-02-13 08:45:33,017 - ERROR: Error SMTP enviando correo: (535, b'5.7.8 Username and Password not accepted. For more information, go to\n5.7.8  https://support.google.com/mail/?p=BadCredentials 00721157ae682-6fb361dbba8sm2959037b3.124 - gsmtp')
2025-02-13 09:12:31,522 - INFO: PDF generado: C:\curti\correos\data\PDF\123456789.pdf
2025-02-13 09:12:37,735 - ERROR: Error SMTP enviando correo: (535, b'5.7.8 Username and Password not accepted. For more information, go to\n5.7.8  https://support.google.com/mail/?p=BadCredentials 3f1490d57ef6-e5dadea63d6sm399269276.13 - gsmtp')
2025-02-13 09:16:17,336 - INFO: PDF generado: C:\curti\correos\data\PDF\123456789.pdf
2025-02-13 09:16:23,843 - ERROR: Error SMTP enviando correo: (535, b'5.7.8 Username and Password not accepted. For more information, go to\n5.7.8  https://support.google.com/mail/?p=BadCredentials 00721157ae682-6fb3619bd9bsm3057687b3.78 - gsmtp')
2025-02-13 09:18:52,249 - INFO: PDF generado: C:\curti\correos\data\PDF\123456789.pdf
2025-02-13 09:18:56,917 - ERROR: Error SMTP enviando correo: (535, b'5.7.8 Username and Password not accepted. For more information, go to\n5.7.8  https://support.google.com/mail/?p=BadCredentials 00721157ae682-6fb35f65c61sm3157217b3.28 - gsmtp')
2025-02-13 09:21:03,158 - INFO: PDF generado: C:\curti\correos\data\PDF\123456789.pdf
2025-02-13 09:21:09,349 - ERROR: Error SMTP enviando correo: (535, b'5.7.8 Username and Password not accepted. For more information, go to\n5.7.8  https://support.google.com/mail/?p=BadCredentials 3f1490d57ef6-e5dae0da261sm412066276.37 - gsmtp')
2025-02-13 09:21:44,218 - INFO: PDF generado: C:\curti\correos\data\PDF\123456789.pdf
2025-02-13 09:21:50,440 - ERROR: Error SMTP enviando correo: (535, b'5.7.8 Username and Password not accepted. For more information, go to\n5.7.8  https://support.google.com/mail/?p=BadCredentials 00721157ae682-6fb35d5874bsm3149737b3.1 - gsmtp')
2025-02-13 09:31:39,930 - ERROR: Error inesperado generando PDF: FPDF error: Undefined font: roman 
2025-02-13 09:31:39,930 - ERROR: Error convirtiendo archivo: data/entrada/123456789.txt
2025-02-13 09:32:00,683 - ERROR: Error inesperado generando PDF: FPDF error: Undefined font: roman 
2025-02-13 09:32:00,683 - ERROR: Error convirtiendo archivo: data/entrada/123456789.txt
2025-02-13 10:25:41,682 - ERROR: Error inesperado generando PDF: FPDF error: Undefined font: consolas 
2025-02-13 10:25:41,682 - ERROR: Error convirtiendo archivo: data/entrada/123456789.txt
2025-02-13 10:26:25,430 - INFO: PDF generado: C:\curti\correos\data\PDF\123456789.pdf
2025-02-13 10:26:30,552 - ERROR: Error SMTP enviando correo: (535, b'5.7.8 Username and Password not accepted. For more information, go to\n5.7.8  https://support.google.com/mail/?p=BadCredentials 00721157ae682-6fb3606912fsm3381737b3.40 - gsmtp')
2025-02-13 10:27:09,828 - ERROR: Error inesperado generando PDF: FPDF error: Undefined font: monaco 
2025-02-13 10:27:09,829 - ERROR: Error convirtiendo archivo: data/entrada/123456789.txt
2025-02-13 11:43:15,192 - INFO: PDF generado: C:\curti\correos\data\PDF\123456789.pdf
2025-02-13 11:43:19,292 - ERROR: Error SMTP enviando correo: (535, b'5.7.8 Username and Password not accepted. For more information, go to\n5.7.8  https://support.google.com/mail/?p=BadCredentials 00721157ae682-6fb35d586ffsm3708007b3.9 - gsmtp')
2025-02-13 11:45:32,486 - INFO: PDF generado: C:\curti\correos\data\PDF\123456789.pdf
2025-02-13 11:45:35,607 - ERROR: Error SMTP enviando correo: (535, b'5.7.8 Username and Password not accepted. For more information, go to\n5.7.8  https://support.google.com/mail/?p=BadCredentials 00721157ae682-6fb360954adsm3737027b3.53 - gsmtp')
2025-02-13 13:06:09,891 - INFO: PDF generado: C:\curti\correos\data\PDF\123456789.pdf
2025-02-13 13:06:11,375 - ERROR: Error SMTP enviando correo: (535, b'5.7.8 Username and Password not accepted. For more information, go to\n5.7.8  https://support.google.com/mail/?p=BadCredentials 3f1490d57ef6-e5dadeb1994sm522806276.24 - gsmtp')
2025-02-13 13:07:44,771 - INFO: PDF generado: C:\curti\correos\data\PDF\123456789.pdf
2025-02-13 13:07:50,080 - ERROR: Error SMTP enviando correo: (535, b'5.7.8 Username and Password not accepted. For more information, go to\n5.7.8  https://support.google.com/mail/?p=BadCredentials 00721157ae682-6fb3619bd74sm3983027b3.75 - gsmtp')
2025-02-13 13:11:41,299 - INFO: PDF generado: C:\curti\correos\data\PDF\123456789.pdf
2025-02-13 13:11:42,696 - ERROR: Error SMTP enviando correo: (535, b'5.7.8 Username and Password not accepted. For more information, go to\n5.7.8  https://support.google.com/mail/?p=BadCredentials 00721157ae682-6fb3609234dsm4077597b3.51 - gsmtp')
2025-02-13 13:24:24,772 - ERROR: Archivo de fuente no encontrado: C:\curti\correos\src\..\fonts\RobotoMono/VariableFont_wght.ttf
2025-02-13 13:24:24,772 - ERROR: Error convirtiendo archivo: data/entrada/123456789.txt
2025-02-13 13:24:51,114 - INFO: PDF generado: C:\curti\correos\data\PDF\123456789.pdf
2025-02-13 13:24:55,922 - ERROR: Error SMTP enviando correo: (535, b'5.7.8 Username and Password not accepted. For more information, go to\n5.7.8  https://support.google.com/mail/?p=BadCredentials 00721157ae682-6fb361cbffasm4065867b3.111 - gsmtp')
2025-02-13 13:25:08,162 - INFO: PDF generado: C:\curti\correos\data\PDF\123456789.pdf
2025-02-13 13:25:13,939 - ERROR: Error SMTP enviando correo: (535, b'5.7.8 Username and Password not accepted. For more information, go to\n5.7.8  https://support.google.com/mail/?p=BadCredentials 3f1490d57ef6-e5dade8ba2csm521434276.6 - gsmtp')
2025-02-13 13:25:33,974 - INFO: PDF generado: C:\curti\correos\data\PDF\123456789.pdf
2025-02-13 13:25:37,826 - ERROR: Error SMTP enviando correo: (535, b'5.7.8 Username and Password not accepted. For more information, go to\n5.7.8  https://support.google.com/mail/?p=BadCredentials 00721157ae682-6fb3619caa3sm4064097b3.77 - gsmtp')
2025-02-13 13:27:30,957 - INFO: PDF generado: C:\curti\correos\data\PDF\123456789.pdf
2025-02-13 13:27:34,438 - ERROR: Error SMTP enviando correo: (535, b'5.7.8 Username and Password not accepted. For more information, go to\n5.7.8  https://support.google.com/mail/?p=BadCredentials 00721157ae682-6fb361c5f33sm4064327b3.107 - gsmtp')
2025-02-13 13:28:09,185 - INFO: PDF generado: C:\curti\correos\data\PDF\123456789.pdf
2025-02-13 13:28:15,540 - ERROR: Error SMTP enviando correo: (535, b'5.7.8 Username and Password not accepted. For more information, go to\n5.7.8  https://support.google.com/mail/?p=BadCredentials 3f1490d57ef6-e5dadeca986sm520736276.31 - gsmtp')
2025-02-13 13:29:37,407 - INFO: PDF generado: C:\curti\correos\data\PDF\123456789.pdf
2025-02-13 13:29:43,080 - ERROR: Error SMTP enviando correo: (535, b'5.7.8 Username and Password not accepted. For more information, go to\n5.7.8  https://support.google.com/mail/?p=BadCredentials 00721157ae682-6fb3608adfesm4166887b3.46 - gsmtp')
2025-02-13 13:43:13,196 - INFO: PDF generado: C:\curti\correos\data\PDF\123456789.pdf
2025-02-13 13:43:16,685 - ERROR: Error SMTP enviando correo: (535, b'5.7.8 Username and Password not accepted. For more information, go to\n5.7.8  https://support.google.com/mail/?p=BadCredentials 00721157ae682-6fb35d584a8sm4216717b3.11 - gsmtp')
2025-02-13 13:43:41,985 - INFO: PDF generado: C:\curti\correos\data\PDF\123456789.pdf
2025-02-13 13:43:46,375 - ERROR: Error SMTP enviando correo: (535, b'5.7.8 Username and Password not accepted. For more information, go to\n5.7.8  https://support.google.com/mail/?p=BadCredentials 00721157ae682-6fb35d5872bsm4206257b3.5 - gsmtp')
2025-02-13 13:44:40,074 - INFO: PDF generado: C:\curti\correos\data\PDF\123456789.pdf
2025-02-13 13:44:41,276 - ERROR: Error SMTP enviando correo: (535, b'5.7.8 Username and Password not accepted. For more information, go to\n5.7.8  https://support.google.com/mail/?p=BadCredentials 00721157ae682-6fb3619bd90sm4171367b3.87 - gsmtp')
2025-02-13 13:45:34,296 - INFO: PDF generado: C:\curti\correos\data\PDF\123456789.pdf
2025-02-13 13:45:36,690 - ERROR: Error SMTP enviando correo: (535, b'5.7.8 Username and Password not accepted. For more information, go to\n5.7.8  https://support.google.com/mail/?p=BadCredentials 00721157ae682-6fb3605bdd5sm4247177b3.36 - gsmtp')
2025-02-13 13:51:58,173 - INFO: PDF generado: C:\curti\correos\data\PDF\123456789.pdf
2025-02-13 13:52:00,853 - ERROR: Error SMTP enviando correo: (535, b'5.7.8 Username and Password not accepted. For more information, go to\n5.7.8  https://support.google.com/mail/?p=BadCredentials 00721157ae682-6fb3619cacesm4164897b3.86 - gsmtp')
2025-02-13 13:53:55,912 - INFO: PDF generado: C:\curti\correos\data\PDF\123456789.pdf
2025-02-13 13:53:58,087 - ERROR: Error SMTP enviando correo: (535, b'5.7.8 Username and Password not accepted. For more information, go to\n5.7.8  https://support.google.com/mail/?p=BadCredentials 3f1490d57ef6-e5dae0da2c3sm525757276.46 - gsmtp')
2025-02-13 13:54:43,534 - INFO: PDF generado: C:\curti\correos\data\PDF\123456789.pdf
2025-02-13 13:54:47,765 - ERROR: Error SMTP enviando correo: (535, b'5.7.8 Username and Password not accepted. For more information, go to\n5.7.8  https://support.google.com/mail/?p=BadCredentials 00721157ae682-6fb360ae9f2sm4216587b3.68 - gsmtp')
2025-02-13 13:57:47,275 - INFO: PDF generado: C:\curti\correos\data\PDF\123456789.pdf
2025-02-13 13:57:52,693 - ERROR: Error SMTP enviando correo: (535, b'5.7.8 Username and Password not accepted. For more information, go to\n5.7.8  https://support.google.com/mail/?p=BadCredentials 00721157ae682-6fb361c9298sm4185107b3.108 - gsmtp')
2025-02-13 14:26:26,552 - INFO: PDF generado: C:\curti\correos\data\PDF\123456789.pdf
2025-02-13 14:26:27,971 - ERROR: Error SMTP enviando correo: (535, b'5.7.8 Username and Password not accepted. For more information, go to\n5.7.8  https://support.google.com/mail/?p=BadCredentials 00721157ae682-6fb3619be11sm4338087b3.83 - gsmtp')
2025-02-13 14:27:17,045 - INFO: PDF generado: C:\curti\correos\data\PDF\123456789.pdf
2025-02-13 14:27:18,194 - ERROR: Error SMTP enviando correo: (535, b'5.7.8 Username and Password not accepted. For more information, go to\n5.7.8  https://support.google.com/mail/?p=BadCredentials 00721157ae682-6fb361cbffasm4323267b3.111 - gsmtp')
2025-02-13 14:28:02,011 - INFO: PDF generado: C:\curti\correos\data\PDF\123456789.pdf
2025-02-13 14:28:03,204 - ERROR: Error SMTP enviando correo: (535, b'5.7.8 Username and Password not accepted. For more information, go to\n5.7.8  https://support.google.com/mail/?p=BadCredentials 00721157ae682-6fb361ca964sm4305617b3.110 - gsmtp')
2025-02-13 14:29:27,579 - INFO: PDF generado: C:\curti\correos\data\PDF\123456789.pdf
2025-02-13 14:29:28,761 - ERROR: Error SMTP enviando correo: (535, b'5.7.8 Username and Password not accepted. For more information, go to\n5.7.8  https://support.google.com/mail/?p=BadCredentials 00721157ae682-6fb361bce8bsm4343137b3.104 - gsmtp')
2025-02-13 14:37:07,932 - ERROR: Archivo no encontrado: data/entrada/123456789.txt
2025-02-13 14:37:07,932 - ERROR: Error convirtiendo archivo: data/entrada/123456789.txt
2025-02-13 14:38:05,621 - INFO: PDF generado: C:\curti\correos\data\PDF\123456789.pdf
2025-02-13 14:38:06,963 - ERROR: Error SMTP enviando correo: (535, b'5.7.8 Username and Password not accepted. For more information, go to\n5.7.8  https://support.google.com/mail/?p=BadCredentials 00721157ae682-6fb3619ec43sm4388317b3.73 - gsmtp')
2025-02-13 14:38:33,528 - INFO: PDF generado: C:\curti\correos\data\PDF\123456789.pdf
2025-02-13 14:38:34,633 - ERROR: Error SMTP enviando correo: (535, b'5.7.8 Username and Password not accepted. For more information, go to\n5.7.8  https://support.google.com/mail/?p=BadCredentials 00721157ae682-6fb35d58635sm4425477b3.4 - gsmtp')
2025-02-13 14:39:47,087 - INFO: PDF generado: C:\curti\correos\data\PDF\123456789.pdf
2025-02-13 14:39:48,361 - ERROR: Error SMTP enviando correo: (535, b'5.7.8 Username and Password not accepted. For more information, go to\n5.7.8  https://support.google.com/mail/?p=BadCredentials 3f1490d57ef6-e5dae12ba99sm545995276.54 - gsmtp')
2025-02-13 14:42:46,781 - ERROR: Archivo no encontrado: data/entrada/123456781.txt
2025-02-13 14:42:46,781 - ERROR: Error convirtiendo archivo: data/entrada/123456781.txt
2025-02-13 14:44:39,474 - INFO: PDF generado: C:\curti\correos\data\PDF\123456781.pdf
2025-02-13 14:44:39,474 - WARNING: NIT 123456781 no encontrado
2025-02-13 14:45:04,023 - INFO: PDF generado: C:\curti\correos\data\PDF\123456781.pdf
2025-02-13 14:45:04,023 - WARNING: NIT 123456781 no encontrado
2025-02-13 14:46:15,545 - INFO: PDF generado: C:\curti\correos\data\PDF\123456789.pdf
2025-02-13 14:46:16,709 - ERROR: Error SMTP enviando correo: (535, b'5.7.8 Username and Password not accepted. For more information, go to\n5.7.8  https://support.google.com/mail/?p=BadCredentials 00721157ae682-6fb3605dab4sm4476427b3.37 - gsmtp')
2025-02-13 14:49:57,382 - INFO: PDF generado: C:\curti\correos\data\PDF\123456789.pdf
2025-02-13 14:50:08,486 - ERROR: Error inesperado enviando correo: [Errno 11001] getaddrinfo failed
2025-02-13 14:51:07,003 - INFO: PDF generado: C:\curti\correos\data\PDF\123456789.pdf
2025-02-13 14:51:07,024 - ERROR: Error inesperado enviando correo: [Errno 11001] getaddrinfo failed
2025-02-13 14:53:24,875 - INFO: PDF generado: C:\curti\correos\data\PDF\123456789.pdf
2025-02-13 14:53:26,177 - ERROR: Error SMTP enviando correo: (535, b'5.7.8 Username and Password not accepted. For more information, go to\n5.7.8  https://support.google.com/mail/?p=BadCredentials 00721157ae682-6fb35f65f51sm4500527b3.26 - gsmtp')
2025-02-13 14:55:29,233 - INFO: PDF generado: C:\curti\correos\data\PDF\123456789.pdf
2025-02-13 14:55:30,488 - ERROR: Error SMTP enviando correo: (535, b'5.7.8 Username and Password not accepted. For more information, go to\n5.7.8  https://support.google.com/mail/?p=BadCredentials 00721157ae682-6fb361c9298sm4428567b3.108 - gsmtp')
2025-02-13 14:56:37,580 - INFO: PDF generado: C:\curti\correos\data\PDF\123456789.pdf
2025-02-13 14:56:38,740 - ERROR: Error SMTP enviando correo: (535, b'5.7.8 Username and Password not accepted. For more information, go to\n5.7.8  https://support.google.com/mail/?p=BadCredentials 00721157ae682-6fb361bcac7sm4418597b3.103 - gsmtp')
2025-02-13 14:59:33,625 - INFO: PDF generado: C:\curti\correos\data\PDF\123456789.pdf
2025-02-13 14:59:34,915 - ERROR: Error SMTP enviando correo: (535, b'5.7.8 Username and Password not accepted. For more information, go to\n5.7.8  https://support.google.com/mail/?p=BadCredentials 00721157ae682-6fb360954b8sm4501367b3.54 - gsmtp')
2025-02-13 14:59:55,050 - INFO: PDF generado: C:\curti\correos\data\PDF\123456789.pdf
2025-02-13 14:59:56,257 - ERROR: Error SMTP enviando correo: (535, b'5.7.8 Username and Password not accepted. For more information, go to\n5.7.8  https://support.google.com/mail/?p=BadCredentials 00721157ae682-6fb3609ccddsm4509087b3.58 - gsmtp')
2025-02-13 15:01:48,448 - INFO: PDF generado: C:\curti\correos\data\PDF\123456789.pdf
2025-02-13 15:01:49,655 - ERROR: Error SMTP enviando correo: (535, b'5.7.8 Username and Password not accepted. For more information, go to\n5.7.8  https://support.google.com/mail/?p=BadCredentials 00721157ae682-6fb360ad9fcsm4508377b3.66 - gsmtp')
2025-02-13 15:03:07,138 - INFO: PDF generado: C:\curti\correos\data\PDF\123456789.pdf
2025-02-13 15:03:08,434 - ERROR: Error SMTP enviando correo: (535, b'5.7.8 Username and Password not accepted. For more information, go to\n5.7.8  https://support.google.com/mail/?p=BadCredentials 00721157ae682-6fb35d5874bsm4543047b3.1 - gsmtp')
2025-02-13 15:03:37,864 - INFO: PDF generado: C:\curti\correos\data\PDF\123456789.pdf
2025-02-13 15:03:38,972 - ERROR: Error SMTP enviando correo: (535, b'5.7.8 Username and Password not accepted. For more information, go to\n5.7.8  https://support.google.com/mail/?p=BadCredentials 00721157ae682-6fb3619baf7sm4494987b3.71 - gsmtp')
2025-02-13 15:04:33,206 - INFO: PDF generado: C:\curti\correos\data\PDF\123456789.pdf
2025-02-13 15:04:34,444 - ERROR: Error SMTP enviando correo: (535, b'5.7.8 Username and Password not accepted. For more information, go to\n5.7.8  https://support.google.com/mail/?p=BadCredentials 00721157ae682-6fb361bea68sm4508567b3.106 - gsmtp')
2025-02-13 15:32:57,181 - INFO: PDF generado: C:\curti\correos\data\PDF\123456789.pdf
2025-02-13 15:33:03,404 - ERROR: Error SMTP enviando correo: (535, b'5.7.8 Username and Password not accepted. For more information, go to\n5.7.8  https://support.google.com/mail/?p=BadCredentials 00721157ae682-6fb3605dab4sm4660857b3.37 - gsmtp')
2025-02-13 16:18:40,628 - INFO: PDF generado: C:\curti\correos\data\PDF\123456789.pdf
2025-02-13 16:18:43,652 - ERROR: Error SMTP enviando correo: (535, b'5.7.8 Username and Password not accepted. For more information, go to\n5.7.8  https://support.google.com/mail/?p=BadCredentials 00721157ae682-6fb3619baf7sm4784647b3.71 - gsmtp')
2025-02-13 16:19:05,840 - INFO: PDF generado: C:\curti\correos\data\PDF\123456789.pdf
2025-02-13 16:19:09,518 - ERROR: Error SMTP enviando correo: (535, b'5.7.8 Username and Password not accepted. For more information, go to\n5.7.8  https://support.google.com/mail/?p=BadCredentials 3f1490d57ef6-e5dadeab25esm594754276.15 - gsmtp')
2025-02-13 16:20:15,189 - INFO: PDF generado: C:\curti\correos\data\PDF\123456789.pdf
2025-02-13 16:20:17,351 - ERROR: Error SMTP enviando correo: (535, b'5.7.8 Username and Password not accepted. For more information, go to\n5.7.8  https://support.google.com/mail/?p=BadCredentials 00721157ae682-6fb361ba8a6sm4755317b3.95 - gsmtp')
2025-02-13 16:20:49,912 - INFO: PDF generado: C:\curti\correos\data\PDF\123456789.pdf
2025-02-13 16:20:55,154 - ERROR: Error SMTP enviando correo: (535, b'5.7.8 Username and Password not accepted. For more information, go to\n5.7.8  https://support.google.com/mail/?p=BadCredentials 00721157ae682-6fb35d586ffsm4822137b3.9 - gsmtp')
2025-02-13 16:21:17,523 - INFO: PDF generado: C:\curti\correos\data\PDF\123456789.pdf
2025-02-13 16:21:21,174 - ERROR: Error SMTP enviando correo: (535, b'5.7.8 Username and Password not accepted. For more information, go to\n5.7.8  https://support.google.com/mail/?p=BadCredentials 3f1490d57ef6-e5dae0d9f25sm616163276.36 - gsmtp')
2025-02-14 11:50:55,956 - ERROR: Error inesperado generando PDF: type object 'ConversorPDF' has no attribute 'limpiar_carpeta_pdf'
2025-02-14 11:50:55,959 - ERROR: Error convirtiendo archivo: data/entrada
2025-02-14 13:14:02,681 - ERROR: Error inesperado generando PDF: type object 'ConversorPDF' has no attribute 'limpiar_carpeta_pdf'
2025-02-14 13:14:02,681 - ERROR: Error convirtiendo archivo: data/entrada
2025-02-14 15:28:29,742 - ERROR: Error procesando /data/: ConversorPDF.convertir_a_pdf() got an unexpected keyword argument 'path'
2025-02-14 15:30:30,518 - ERROR: Error procesando /data/: ConversorPDF.convertir_a_pdf() got an unexpected keyword argument 'path'
2025-02-14 15:37:30,375 - ERROR: Error procesando /data/: ConversorPDF.convertir_a_pdf() got an unexpected keyword argument 'path'
2025-02-14 15:37:36,003 - ERROR: Error procesando /data/: ConversorPDF.convertir_a_pdf() got an unexpected keyword argument 'path'
2025-02-14 15:37:46,473 - ERROR: Error procesando /data/: ConversorPDF.convertir_a_pdf() got an unexpected keyword argument 'path'
2025-02-14 15:46:11,847 - ERROR: Error procesando /data/: ConversorPDF.convertir_a_pdf() got an unexpected keyword argument 'path'
2025-02-14 15:49:35,068 - ERROR: Archivo no encontrado: /data/C:\curti\correos\data\entrada123456789
2025-02-14 15:49:35,068 - ERROR: Error convirtiendo archivo: /data/
2025-02-14 15:56:04,493 - ERROR: Archivo no encontrado: /data/C:\curti\correos\data\entrada123456789
2025-02-14 15:56:04,494 - ERROR: Error convirtiendo archivo: /data/
2025-02-14 16:23:10,650 - ERROR: Archivo no encontrado: /data/entrada\123456789
2025-02-14 16:23:10,650 - ERROR: Error convirtiendo archivo: /data/
2025-02-14 16:29:47,409 - ERROR: Archivo no encontrado: /data/entrada\123456789.txt
2025-02-14 16:29:47,409 - ERROR: Error convirtiendo archivo: /data/
2025-02-14 16:42:18,453 - ERROR: Archivo no encontrado: /data/entrada\123456789.txt
2025-02-14 16:42:18,453 - ERROR: Error convirtiendo archivo: /data/
2025-02-14 16:46:40,476 - ERROR: Archivo no encontrado: /data/entrada\123456789.txt
2025-02-14 16:46:40,476 - ERROR: Error convirtiendo archivo: /data/
2025-02-14 16:51:52,667 - ERROR: Archivo no encontrado: /data/entrada\123456789.txt
2025-02-14 16:51:52,669 - ERROR: Error convirtiendo archivo: /data/
2025-02-14 16:52:16,105 - ERROR: Archivo no encontrado: /data/entrada\123456789.txt
2025-02-14 16:52:16,105 - ERROR: Error convirtiendo archivo: /data/
2025-02-14 16:54:33,273 - ERROR: Archivo no encontrado: C:\curti\correos\entrada\123456789.txt
2025-02-14 16:54:33,273 - ERROR: Error convirtiendo archivo: /data/
2025-02-14 16:54:49,766 - ERROR: Archivo no encontrado: C:\curti\correos\entrada\123456789.txt
2025-02-14 16:54:49,766 - ERROR: Error convirtiendo archivo: /data/
2025-02-14 16:58:16,294 - ERROR: Archivo no encontrado: C:\curti\correos\entrada\123456789.txt
2025-02-14 16:58:16,294 - ERROR: Error convirtiendo archivo: /data/
2025-02-17 10:48:49,680 - ERROR: Archivo no encontrado: /data/entrada\123456789.txt
2025-02-17 10:48:49,680 - ERROR: Error convirtiendo archivo: /data/
2025-02-17 10:52:52,297 - ERROR: Archivo no encontrado: /data/entrada\123456789.txt
2025-02-17 10:52:52,297 - ERROR: Error inesperado generando PDF: can only concatenate str (not "function") to str
2025-02-17 10:52:52,297 - ERROR: Error convirtiendo archivo: /data/
2025-02-17 10:53:15,447 - ERROR: Error inesperado generando PDF: can only concatenate str (not "function") to str
2025-02-17 10:53:15,447 - ERROR: Error convirtiendo archivo: /data/
2025-02-17 10:53:20,067 - ERROR: Error inesperado generando PDF: can only concatenate str (not "function") to str
2025-02-17 10:53:20,067 - ERROR: Error convirtiendo archivo: /data/
2025-02-17 10:53:40,580 - ERROR: Archivo no encontrado: /data/entrada\123456789.txt
2025-02-17 10:53:40,580 - ERROR: Error inesperado generando PDF: can only concatenate str (not "bool") to str
2025-02-17 10:53:40,580 - ERROR: Error convirtiendo archivo: /data/
2025-02-17 10:57:01,104 - ERROR: Archivo no encontrado: /data/entrada\123456789.txt
2025-02-17 10:57:01,104 - ERROR: Error inesperado generando PDF: can only concatenate str (not "bool") to str
2025-02-17 10:57:01,104 - ERROR: Error convirtiendo archivo: /data/
2025-02-17 10:58:30,207 - ERROR: Archivo no encontrado: /data/entrada\123456789.txt
2025-02-17 10:58:30,219 - ERROR: Error inesperado generando PDF: can only concatenate str (not "bool") to str
2025-02-17 10:58:30,219 - ERROR: Error convirtiendo archivo: /data/
2025-02-24 14:15:31,136 - ERROR: Archivo no encontrado: /data/entrada\123456789.txt
2025-02-24 14:15:31,139 - ERROR: Error inesperado generando PDF: can only concatenate str (not "bool") to str
2025-02-24 14:15:31,139 - ERROR: Error convirtiendo archivo: /data/
2025-02-24 15:03:03,470 - ERROR: Archivo no encontrado: /data/entrada\123456789.txt
2025-02-24 15:03:03,472 - ERROR: Error inesperado generando PDF: can only concatenate str (not "bool") to str
2025-02-24 15:03:03,472 - ERROR: Error convirtiendo archivo: /data/
2025-02-24 15:15:44,172 - ERROR: Archivo no encontrado: /data/entrada\123456789.txt
2025-02-24 15:15:44,190 - ERROR: Error inesperado generando PDF: can only concatenate str (not "bool") to str
2025-02-24 15:15:44,191 - ERROR: Error convirtiendo archivo: /data/
2025-02-24 15:15:59,051 - ERROR: Archivo no encontrado: C:\curti\correos\entrada\123456789.txt
2025-02-24 15:15:59,051 - ERROR: Error inesperado generando PDF: can only concatenate str (not "bool") to str
2025-02-24 15:15:59,051 - ERROR: Error convirtiendo archivo: /data/
2025-02-24 15:54:36,892 - ERROR: Archivo no encontrado: C:\curti\correos\entrada\123456789.txt
2025-02-24 15:54:36,892 - ERROR: Error inesperado generando PDF: can only concatenate str (not "bool") to str
2025-02-24 15:54:36,892 - ERROR: Error convirtiendo archivo: /data/
2025-02-24 16:11:01,664 - ERROR: Archivo no encontrado: C:/data/.txt
2025-02-24 16:11:01,664 - ERROR: Error convirtiendo archivo para NIT: /data/
2025-02-24 16:14:20,173 - ERROR: Archivo no encontrado: C:\curti\correos\entrada\123456789.txt
2025-02-24 16:14:20,173 - ERROR: Error inesperado generando PDF: can only concatenate str (not "bool") to str
2025-02-24 16:14:20,173 - ERROR: Error convirtiendo archivo: /data/
2025-02-25 08:31:10,511 - ERROR: Archivo no encontrado: C:\curti\correos\entrada\123456789.txt
2025-02-25 08:31:10,513 - ERROR: Error inesperado generando PDF: can only concatenate str (not "bool") to str
2025-02-25 08:31:10,513 - ERROR: Error convirtiendo archivo: /data/
2025-02-25 09:28:21,236 - ERROR: Error procesando /data/: ConversorPDF.convertir_a_pdf() got an unexpected keyword argument 'ruta_pdf'
2025-02-25 09:57:43,859 - ERROR: Error procesando /data/: ConversorPDF.convertir_a_pdf() got an unexpected keyword argument 'ruta_pdf'
2025-02-25 11:16:30,274 - ERROR: Error procesando /data/: ConversorPDF.convertir_a_pdf() got an unexpected keyword argument 'ruta_pdf'
2025-02-25 11:52:03,831 - ERROR: Error procesando /data/: ConversorPDF.convertir_a_pdf() got an unexpected keyword argument 'ruta_pdf'
2025-02-25 13:29:17,179 - ERROR: Error procesando /data/: ConversorPDF.convertir_a_pdf() got an unexpected keyword argument 'ruta_pdf'
2025-02-25 14:19:52,080 - ERROR: Error procesando correos/data/: ConversorPDF.convertir_a_pdf() got an unexpected keyword argument 'ruta_pdf'
2025-02-25 14:20:17,870 - ERROR: Error procesando curti/correos/data/: ConversorPDF.convertir_a_pdf() got an unexpected keyword argument 'ruta_pdf'
2025-02-25 14:30:55,021 - ERROR: Uso: python main.py <path> <nit> <tamano_letra>
2025-02-25 14:31:07,774 - ERROR: Uso: python main.py <path> <nit> <tamano_letra>
2025-02-25 14:31:56,216 - ERROR: Uso: python main.py <path> <nit> <tamano_letra>
